This is pdfTeX, Version 3.14159265-2.6-1.40.17 (TeX Live 2016) (preloaded format=pdflatex 2016.7.11)  12 SEP 2016 15:44
entering extended mode
 \write18 enabled.
 file:line:error style messages enabled.
 %&-line parsing enabled.
**hopl-paper.tex
(./hopl-paper.tex
LaTeX2e <2016/03/31>
Babel <3.9r> and hyphenation patterns for 83 language(s) loaded.
(./llncs.cls
Document Class: llncs 2015/06/24 v2.20 
 LaTeX document class for Lecture Notes in Computer Science
(/usr/local/texlive/2016/texmf-dist/tex/latex/base/article.cls
Document Class: article 2014/09/29 v1.4h Standard LaTeX document class
(/usr/local/texlive/2016/texmf-dist/tex/latex/base/size10.clo
File: size10.clo 2014/09/29 v1.4h Standard LaTeX file (size option)
)
\c@part=\count79
\c@section=\count80
\c@subsection=\count81
\c@subsubsection=\count82
\c@paragraph=\count83
\c@subparagraph=\count84
\c@figure=\count85
\c@table=\count86
\abovecaptionskip=\skip41
\belowcaptionskip=\skip42
\bibindent=\dimen102
) (/usr/local/texlive/2016/texmf-dist/tex/latex/tools/multicol.sty
Package: multicol 2016/04/07 v1.8p multicolumn formatting (FMi)
\c@tracingmulticols=\count87
\mult@box=\box26
\multicol@leftmargin=\dimen103
\c@unbalance=\count88
\c@collectmore=\count89
\doublecol@number=\count90
\multicoltolerance=\count91
\multicolpretolerance=\count92
\full@width=\dimen104
\page@free=\dimen105
\premulticols=\dimen106
\postmulticols=\dimen107
\multicolsep=\skip43
\multicolbaselineskip=\skip44
\partial@page=\box27
\last@line=\box28
\maxbalancingoverflow=\dimen108
\mult@rightbox=\box29
\mult@grightbox=\box30
\mult@gfirstbox=\box31
\mult@firstbox=\box32
\@tempa=\box33
\@tempa=\box34
\@tempa=\box35
\@tempa=\box36
\@tempa=\box37
\@tempa=\box38
\@tempa=\box39
\@tempa=\box40
\@tempa=\box41
\@tempa=\box42
\@tempa=\box43
\@tempa=\box44
\@tempa=\box45
\@tempa=\box46
\@tempa=\box47
\@tempa=\box48
\@tempa=\box49
\c@columnbadness=\count93
\c@finalcolumnbadness=\count94
\last@try=\dimen109
\multicolovershoot=\dimen110
\multicolundershoot=\dimen111
\mult@nat@firstbox=\box50
\colbreak@box=\box51
\mc@col@check@num=\count95
) (./aliascnt.sty
Package: aliascnt 2009/09/08 v1.3 Alias counter (HO)
 (./remreset.sty))
\c@chapter=\count96
LaTeX Font Info:    Redeclaring math symbol \Gamma on input line 362.
LaTeX Font Info:    Redeclaring math symbol \Delta on input line 363.
LaTeX Font Info:    Redeclaring math symbol \Theta on input line 364.
LaTeX Font Info:    Redeclaring math symbol \Lambda on input line 365.
LaTeX Font Info:    Redeclaring math symbol \Xi on input line 366.
LaTeX Font Info:    Redeclaring math symbol \Pi on input line 367.
LaTeX Font Info:    Redeclaring math symbol \Sigma on input line 368.
LaTeX Font Info:    Redeclaring math symbol \Upsilon on input line 369.
LaTeX Font Info:    Redeclaring math symbol \Phi on input line 370.
LaTeX Font Info:    Redeclaring math symbol \Psi on input line 371.
LaTeX Font Info:    Redeclaring math symbol \Omega on input line 372.
\tocchpnum=\dimen112
\tocsecnum=\dimen113
\tocsectotal=\dimen114
\tocsubsecnum=\dimen115
\tocsubsectotal=\dimen116
\tocsubsubsecnum=\dimen117
\tocsubsubsectotal=\dimen118
\tocparanum=\dimen119
\tocparatotal=\dimen120
\tocsubparanum=\dimen121
\fnindent=\dimen122
\c@@inst=\count97
\c@@auth=\count98
\c@auco=\count99
\instindent=\dimen123
\authrun=\box52
\authorrunning=\toks14
\tocauthor=\toks15
\titrun=\box53
\titlerunning=\toks16
\toctitle=\toks17
\c@theorem=\count100
\c@case=\count101
\c@conjecture=\count102
\c@corollary=\count103
\c@definition=\count104
\c@example=\count105
\c@exercise=\count106
\c@lemma=\count107
\c@note=\count108
\c@problem=\count109
\c@property=\count110
\c@proposition=\count111
\c@question=\count112
\c@solution=\count113
\c@remark=\count114
\headlineindent=\dimen124
) (/usr/local/texlive/2016/texmf-dist/tex/latex/base/inputenc.sty
Package: inputenc 2015/03/17 v1.2c Input encoding file
\inpenc@prehook=\toks18
\inpenc@posthook=\toks19
 (/usr/local/texlive/2016/texmf-dist/tex/latex/base/utf8.def
File: utf8.def 2016/02/28 v1.1s UTF-8 support for inputenc
Now handling font encoding OML ...
... no UTF-8 mapping file for font encoding OML
Now handling font encoding T1 ...
... processing UTF-8 mapping file for font encoding T1
 (/usr/local/texlive/2016/texmf-dist/tex/latex/base/t1enc.dfu
File: t1enc.dfu 2016/02/28 v1.1s UTF-8 support for inputenc
   defining Unicode char U+00A0 (decimal 160)
   defining Unicode char U+00A1 (decimal 161)
   defining Unicode char U+00A3 (decimal 163)
   defining Unicode char U+00AB (decimal 171)
   defining Unicode char U+00AD (decimal 173)
   defining Unicode char U+00BB (decimal 187)
   defining Unicode char U+00BF (decimal 191)
   defining Unicode char U+00C0 (decimal 192)
   defining Unicode char U+00C1 (decimal 193)
   defining Unicode char U+00C2 (decimal 194)
   defining Unicode char U+00C3 (decimal 195)
   defining Unicode char U+00C4 (decimal 196)
   defining Unicode char U+00C5 (decimal 197)
   defining Unicode char U+00C6 (decimal 198)
   defining Unicode char U+00C7 (decimal 199)
   defining Unicode char U+00C8 (decimal 200)
   defining Unicode char U+00C9 (decimal 201)
   defining Unicode char U+00CA (decimal 202)
   defining Unicode char U+00CB (decimal 203)
   defining Unicode char U+00CC (decimal 204)
   defining Unicode char U+00CD (decimal 205)
   defining Unicode char U+00CE (decimal 206)
   defining Unicode char U+00CF (decimal 207)
   defining Unicode char U+00D0 (decimal 208)
   defining Unicode char U+00D1 (decimal 209)
   defining Unicode char U+00D2 (decimal 210)
   defining Unicode char U+00D3 (decimal 211)
   defining Unicode char U+00D4 (decimal 212)
   defining Unicode char U+00D5 (decimal 213)
   defining Unicode char U+00D6 (decimal 214)
   defining Unicode char U+00D8 (decimal 216)
   defining Unicode char U+00D9 (decimal 217)
   defining Unicode char U+00DA (decimal 218)
   defining Unicode char U+00DB (decimal 219)
   defining Unicode char U+00DC (decimal 220)
   defining Unicode char U+00DD (decimal 221)
   defining Unicode char U+00DE (decimal 222)
   defining Unicode char U+00DF (decimal 223)
   defining Unicode char U+00E0 (decimal 224)
   defining Unicode char U+00E1 (decimal 225)
   defining Unicode char U+00E2 (decimal 226)
   defining Unicode char U+00E3 (decimal 227)
   defining Unicode char U+00E4 (decimal 228)
   defining Unicode char U+00E5 (decimal 229)
   defining Unicode char U+00E6 (decimal 230)
   defining Unicode char U+00E7 (decimal 231)
   defining Unicode char U+00E8 (decimal 232)
   defining Unicode char U+00E9 (decimal 233)
   defining Unicode char U+00EA (decimal 234)
   defining Unicode char U+00EB (decimal 235)
   defining Unicode char U+00EC (decimal 236)
   defining Unicode char U+00ED (decimal 237)
   defining Unicode char U+00EE (decimal 238)
   defining Unicode char U+00EF (decimal 239)
   defining Unicode char U+00F0 (decimal 240)
   defining Unicode char U+00F1 (decimal 241)
   defining Unicode char U+00F2 (decimal 242)
   defining Unicode char U+00F3 (decimal 243)
   defining Unicode char U+00F4 (decimal 244)
   defining Unicode char U+00F5 (decimal 245)
   defining Unicode char U+00F6 (decimal 246)
   defining Unicode char U+00F8 (decimal 248)
   defining Unicode char U+00F9 (decimal 249)
   defining Unicode char U+00FA (decimal 250)
   defining Unicode char U+00FB (decimal 251)
   defining Unicode char U+00FC (decimal 252)
   defining Unicode char U+00FD (decimal 253)
   defining Unicode char U+00FE (decimal 254)
   defining Unicode char U+00FF (decimal 255)
   defining Unicode char U+0100 (decimal 256)
   defining Unicode char U+0101 (decimal 257)
   defining Unicode char U+0102 (decimal 258)
   defining Unicode char U+0103 (decimal 259)
   defining Unicode char U+0104 (decimal 260)
   defining Unicode char U+0105 (decimal 261)
   defining Unicode char U+0106 (decimal 262)
   defining Unicode char U+0107 (decimal 263)
   defining Unicode char U+0108 (decimal 264)
   defining Unicode char U+0109 (decimal 265)
   defining Unicode char U+010A (decimal 266)
   defining Unicode char U+010B (decimal 267)
   defining Unicode char U+010C (decimal 268)
   defining Unicode char U+010D (decimal 269)
   defining Unicode char U+010E (decimal 270)
   defining Unicode char U+010F (decimal 271)
   defining Unicode char U+0110 (decimal 272)
   defining Unicode char U+0111 (decimal 273)
   defining Unicode char U+0112 (decimal 274)
   defining Unicode char U+0113 (decimal 275)
   defining Unicode char U+0114 (decimal 276)
   defining Unicode char U+0115 (decimal 277)
   defining Unicode char U+0116 (decimal 278)
   defining Unicode char U+0117 (decimal 279)
   defining Unicode char U+0118 (decimal 280)
   defining Unicode char U+0119 (decimal 281)
   defining Unicode char U+011A (decimal 282)
   defining Unicode char U+011B (decimal 283)
   defining Unicode char U+011C (decimal 284)
   defining Unicode char U+011D (decimal 285)
   defining Unicode char U+011E (decimal 286)
   defining Unicode char U+011F (decimal 287)
   defining Unicode char U+0120 (decimal 288)
   defining Unicode char U+0121 (decimal 289)
   defining Unicode char U+0122 (decimal 290)
   defining Unicode char U+0123 (decimal 291)
   defining Unicode char U+0124 (decimal 292)
   defining Unicode char U+0125 (decimal 293)
   defining Unicode char U+0128 (decimal 296)
   defining Unicode char U+0129 (decimal 297)
   defining Unicode char U+012A (decimal 298)
   defining Unicode char U+012B (decimal 299)
   defining Unicode char U+012C (decimal 300)
   defining Unicode char U+012D (decimal 301)
   defining Unicode char U+012E (decimal 302)
   defining Unicode char U+012F (decimal 303)
   defining Unicode char U+0130 (decimal 304)
   defining Unicode char U+0131 (decimal 305)
   defining Unicode char U+0132 (decimal 306)
   defining Unicode char U+0133 (decimal 307)
   defining Unicode char U+0134 (decimal 308)
   defining Unicode char U+0135 (decimal 309)
   defining Unicode char U+0136 (decimal 310)
   defining Unicode char U+0137 (decimal 311)
   defining Unicode char U+0139 (decimal 313)
   defining Unicode char U+013A (decimal 314)
   defining Unicode char U+013B (decimal 315)
   defining Unicode char U+013C (decimal 316)
   defining Unicode char U+013D (decimal 317)
   defining Unicode char U+013E (decimal 318)
   defining Unicode char U+0141 (decimal 321)
   defining Unicode char U+0142 (decimal 322)
   defining Unicode char U+0143 (decimal 323)
   defining Unicode char U+0144 (decimal 324)
   defining Unicode char U+0145 (decimal 325)
   defining Unicode char U+0146 (decimal 326)
   defining Unicode char U+0147 (decimal 327)
   defining Unicode char U+0148 (decimal 328)
   defining Unicode char U+014A (decimal 330)
   defining Unicode char U+014B (decimal 331)
   defining Unicode char U+014C (decimal 332)
   defining Unicode char U+014D (decimal 333)
   defining Unicode char U+014E (decimal 334)
   defining Unicode char U+014F (decimal 335)
   defining Unicode char U+0150 (decimal 336)
   defining Unicode char U+0151 (decimal 337)
   defining Unicode char U+0152 (decimal 338)
   defining Unicode char U+0153 (decimal 339)
   defining Unicode char U+0154 (decimal 340)
   defining Unicode char U+0155 (decimal 341)
   defining Unicode char U+0156 (decimal 342)
   defining Unicode char U+0157 (decimal 343)
   defining Unicode char U+0158 (decimal 344)
   defining Unicode char U+0159 (decimal 345)
   defining Unicode char U+015A (decimal 346)
   defining Unicode char U+015B (decimal 347)
   defining Unicode char U+015C (decimal 348)
   defining Unicode char U+015D (decimal 349)
   defining Unicode char U+015E (decimal 350)
   defining Unicode char U+015F (decimal 351)
   defining Unicode char U+0160 (decimal 352)
   defining Unicode char U+0161 (decimal 353)
   defining Unicode char U+0162 (decimal 354)
   defining Unicode char U+0163 (decimal 355)
   defining Unicode char U+0164 (decimal 356)
   defining Unicode char U+0165 (decimal 357)
   defining Unicode char U+0168 (decimal 360)
   defining Unicode char U+0169 (decimal 361)
   defining Unicode char U+016A (decimal 362)
   defining Unicode char U+016B (decimal 363)
   defining Unicode char U+016C (decimal 364)
   defining Unicode char U+016D (decimal 365)
   defining Unicode char U+016E (decimal 366)
   defining Unicode char U+016F (decimal 367)
   defining Unicode char U+0170 (decimal 368)
   defining Unicode char U+0171 (decimal 369)
   defining Unicode char U+0172 (decimal 370)
   defining Unicode char U+0173 (decimal 371)
   defining Unicode char U+0174 (decimal 372)
   defining Unicode char U+0175 (decimal 373)
   defining Unicode char U+0176 (decimal 374)
   defining Unicode char U+0177 (decimal 375)
   defining Unicode char U+0178 (decimal 376)
   defining Unicode char U+0179 (decimal 377)
   defining Unicode char U+017A (decimal 378)
   defining Unicode char U+017B (decimal 379)
   defining Unicode char U+017C (decimal 380)
   defining Unicode char U+017D (decimal 381)
   defining Unicode char U+017E (decimal 382)
   defining Unicode char U+01CD (decimal 461)
   defining Unicode char U+01CE (decimal 462)
   defining Unicode char U+01CF (decimal 463)
   defining Unicode char U+01D0 (decimal 464)
   defining Unicode char U+01D1 (decimal 465)
   defining Unicode char U+01D2 (decimal 466)
   defining Unicode char U+01D3 (decimal 467)
   defining Unicode char U+01D4 (decimal 468)
   defining Unicode char U+01E2 (decimal 482)
   defining Unicode char U+01E3 (decimal 483)
   defining Unicode char U+01E6 (decimal 486)
   defining Unicode char U+01E7 (decimal 487)
   defining Unicode char U+01E8 (decimal 488)
   defining Unicode char U+01E9 (decimal 489)
   defining Unicode char U+01EA (decimal 490)
   defining Unicode char U+01EB (decimal 491)
   defining Unicode char U+01F0 (decimal 496)
   defining Unicode char U+01F4 (decimal 500)
   defining Unicode char U+01F5 (decimal 501)
   defining Unicode char U+0218 (decimal 536)
   defining Unicode char U+0219 (decimal 537)
   defining Unicode char U+021A (decimal 538)
   defining Unicode char U+021B (decimal 539)
   defining Unicode char U+1E02 (decimal 7682)
   defining Unicode char U+1E03 (decimal 7683)
   defining Unicode char U+200C (decimal 8204)
   defining Unicode char U+2010 (decimal 8208)
   defining Unicode char U+2011 (decimal 8209)
   defining Unicode char U+2012 (decimal 8210)
   defining Unicode char U+2013 (decimal 8211)
   defining Unicode char U+2014 (decimal 8212)
   defining Unicode char U+2015 (decimal 8213)
   defining Unicode char U+2018 (decimal 8216)
   defining Unicode char U+2019 (decimal 8217)
   defining Unicode char U+201A (decimal 8218)
   defining Unicode char U+201C (decimal 8220)
   defining Unicode char U+201D (decimal 8221)
   defining Unicode char U+201E (decimal 8222)
   defining Unicode char U+2030 (decimal 8240)
   defining Unicode char U+2031 (decimal 8241)
   defining Unicode char U+2039 (decimal 8249)
   defining Unicode char U+203A (decimal 8250)
   defining Unicode char U+2423 (decimal 9251)
)
Now handling font encoding OT1 ...
... processing UTF-8 mapping file for font encoding OT1
 (/usr/local/texlive/2016/texmf-dist/tex/latex/base/ot1enc.dfu
File: ot1enc.dfu 2016/02/28 v1.1s UTF-8 support for inputenc
   defining Unicode char U+00A0 (decimal 160)
   defining Unicode char U+00A1 (decimal 161)
   defining Unicode char U+00A3 (decimal 163)
   defining Unicode char U+00AD (decimal 173)
   defining Unicode char U+00B8 (decimal 184)
   defining Unicode char U+00BF (decimal 191)
   defining Unicode char U+00C5 (decimal 197)
   defining Unicode char U+00C6 (decimal 198)
   defining Unicode char U+00D8 (decimal 216)
   defining Unicode char U+00DF (decimal 223)
   defining Unicode char U+00E6 (decimal 230)
   defining Unicode char U+00EC (decimal 236)
   defining Unicode char U+00ED (decimal 237)
   defining Unicode char U+00EE (decimal 238)
   defining Unicode char U+00EF (decimal 239)
   defining Unicode char U+00F8 (decimal 248)
   defining Unicode char U+0131 (decimal 305)
   defining Unicode char U+0141 (decimal 321)
   defining Unicode char U+0142 (decimal 322)
   defining Unicode char U+0152 (decimal 338)
   defining Unicode char U+0153 (decimal 339)
   defining Unicode char U+0174 (decimal 372)
   defining Unicode char U+0175 (decimal 373)
   defining Unicode char U+0176 (decimal 374)
   defining Unicode char U+0177 (decimal 375)
   defining Unicode char U+0218 (decimal 536)
   defining Unicode char U+0219 (decimal 537)
   defining Unicode char U+021A (decimal 538)
   defining Unicode char U+021B (decimal 539)
   defining Unicode char U+2013 (decimal 8211)
   defining Unicode char U+2014 (decimal 8212)
   defining Unicode char U+2018 (decimal 8216)
   defining Unicode char U+2019 (decimal 8217)
   defining Unicode char U+201C (decimal 8220)
   defining Unicode char U+201D (decimal 8221)
)
Now handling font encoding OMS ...
... processing UTF-8 mapping file for font encoding OMS
 (/usr/local/texlive/2016/texmf-dist/tex/latex/base/omsenc.dfu
File: omsenc.dfu 2016/02/28 v1.1s UTF-8 support for inputenc
   defining Unicode char U+00A7 (decimal 167)
   defining Unicode char U+00B6 (decimal 182)
   defining Unicode char U+00B7 (decimal 183)
   defining Unicode char U+2020 (decimal 8224)
   defining Unicode char U+2021 (decimal 8225)
   defining Unicode char U+2022 (decimal 8226)
)
Now handling font encoding OMX ...
... no UTF-8 mapping file for font encoding OMX
Now handling font encoding U ...
... no UTF-8 mapping file for font encoding U
   defining Unicode char U+00A9 (decimal 169)
   defining Unicode char U+00AA (decimal 170)
   defining Unicode char U+00AE (decimal 174)
   defining Unicode char U+00BA (decimal 186)
   defining Unicode char U+02C6 (decimal 710)
   defining Unicode char U+02DC (decimal 732)
   defining Unicode char U+200C (decimal 8204)
   defining Unicode char U+2026 (decimal 8230)
   defining Unicode char U+2122 (decimal 8482)
   defining Unicode char U+2423 (decimal 9251)
)) (./llncsdoc.sty) (/usr/local/texlive/2016/texmf-dist/tex/latex/url/url.sty
\Urlmuskip=\muskip10
Package: url 2013/09/16  ver 3.4  Verb mode for urls, etc.
) (/usr/local/texlive/2016/texmf-dist/tex/latex/amsmath/amsmath.sty
Package: amsmath 2016/03/10 v2.15b AMS math features
\@mathmargin=\skip45

For additional information on amsmath, use the `?' option.
(/usr/local/texlive/2016/texmf-dist/tex/latex/amsmath/amstext.sty
Package: amstext 2000/06/29 v2.01 AMS text
 (/usr/local/texlive/2016/texmf-dist/tex/latex/amsmath/amsgen.sty
File: amsgen.sty 1999/11/30 v2.0 generic functions
\@emptytoks=\toks20
\ex@=\dimen125
)) (/usr/local/texlive/2016/texmf-dist/tex/latex/amsmath/amsbsy.sty
Package: amsbsy 1999/11/29 v1.2d Bold Symbols
\pmbraise@=\dimen126
) (/usr/local/texlive/2016/texmf-dist/tex/latex/amsmath/amsopn.sty
Package: amsopn 2016/03/08 v2.02 operator names
)
\inf@bad=\count115
LaTeX Info: Redefining \frac on input line 199.
\uproot@=\count116
\leftroot@=\count117
LaTeX Info: Redefining \overline on input line 297.
\classnum@=\count118
\DOTSCASE@=\count119
LaTeX Info: Redefining \ldots on input line 394.
LaTeX Info: Redefining \dots on input line 397.
LaTeX Info: Redefining \cdots on input line 518.
\Mathstrutbox@=\box54
\strutbox@=\box55
\big@size=\dimen127
LaTeX Font Info:    Redeclaring font encoding OML on input line 634.
LaTeX Font Info:    Redeclaring font encoding OMS on input line 635.


Package amsmath Warning: Unable to redefine math accent \vec.

\macc@depth=\count120
\c@MaxMatrixCols=\count121
\dotsspace@=\muskip11
\c@parentequation=\count122
\dspbrk@lvl=\count123
\tag@help=\toks21
\row@=\count124
\column@=\count125
\maxfields@=\count126
\andhelp@=\toks22
\eqnshift@=\dimen128
\alignsep@=\dimen129
\tagshift@=\dimen130
\tagwidth@=\dimen131
\totwidth@=\dimen132
\lineht@=\dimen133
\@envbody=\toks23
\multlinegap=\skip46
\multlinetaggap=\skip47
\mathdisplay@stack=\toks24
LaTeX Info: Redefining \[ on input line 2739.
LaTeX Info: Redefining \] on input line 2740.
) (/usr/local/texlive/2016/texmf-dist/tex/latex/amsfonts/amssymb.sty
Package: amssymb 2013/01/14 v3.01 AMS font symbols
 (/usr/local/texlive/2016/texmf-dist/tex/latex/amsfonts/amsfonts.sty
Package: amsfonts 2013/01/14 v3.01 Basic AMSFonts support
\symAMSa=\mathgroup4
\symAMSb=\mathgroup5
LaTeX Font Info:    Overwriting math alphabet `\mathfrak' in version `bold'
(Font)                  U/euf/m/n --> U/euf/b/n on input line 106.
)) (/usr/local/texlive/2016/texmf-dist/tex/latex/graphics/graphicx.sty
Package: graphicx 2014/10/28 v1.0g Enhanced LaTeX Graphics (DPC,SPQR)
 (/usr/local/texlive/2016/texmf-dist/tex/latex/graphics/keyval.sty
Package: keyval 2014/10/28 v1.15 key=value parser (DPC)
\KV@toks@=\toks25
) (/usr/local/texlive/2016/texmf-dist/tex/latex/graphics/graphics.sty
Package: graphics 2016/05/09 v1.0r Standard LaTeX Graphics (DPC,SPQR)
 (/usr/local/texlive/2016/texmf-dist/tex/latex/graphics/trig.sty
Package: trig 2016/01/03 v1.10 sin cos tan (DPC)
) (/usr/local/texlive/2016/texmf-dist/tex/latex/graphics-cfg/graphics.cfg
File: graphics.cfg 2016/01/02 v1.10 sample graphics configuration
)
Package graphics Info: Driver file: pdftex.def on input line 96.
 (/usr/local/texlive/2016/texmf-dist/tex/latex/pdftex-def/pdftex.def
File: pdftex.def 2011/05/27 v0.06d Graphics/color for pdfTeX
 (/usr/local/texlive/2016/texmf-dist/tex/generic/oberdiek/infwarerr.sty
Package: infwarerr 2016/05/16 v1.4 Providing info/warning/error messages (HO)
) (/usr/local/texlive/2016/texmf-dist/tex/generic/oberdiek/ltxcmds.sty
Package: ltxcmds 2016/05/16 v1.23 LaTeX kernel commands for general use (HO)
)
\Gread@gobject=\count127
))
\Gin@req@height=\dimen134
\Gin@req@width=\dimen135
) (/usr/local/texlive/2016/texmf-dist/tex/latex/wrapfig/wrapfig.sty
\wrapoverhang=\dimen136
\WF@size=\dimen137
\c@WF@wrappedlines=\count128
\WF@box=\box56
\WF@everypar=\toks26
Package: wrapfig 2003/01/31  v 3.6
) (/usr/local/texlive/2016/texmf-dist/tex/latex/minted/minted.sty
Package: minted 2015/09/09 v2.1 Yet another Pygments shim for LaTeX
 (/usr/local/texlive/2016/texmf-dist/tex/latex/oberdiek/kvoptions.sty
Package: kvoptions 2016/05/16 v3.12 Key value format for package options (HO)
 (/usr/local/texlive/2016/texmf-dist/tex/generic/oberdiek/kvsetkeys.sty
Package: kvsetkeys 2016/05/16 v1.17 Key value parser (HO)
 (/usr/local/texlive/2016/texmf-dist/tex/generic/oberdiek/etexcmds.sty
Package: etexcmds 2016/05/16 v1.6 Avoid name clashes with e-TeX commands (HO)
 (/usr/local/texlive/2016/texmf-dist/tex/generic/oberdiek/ifluatex.sty
Package: ifluatex 2016/05/16 v1.4 Provides the ifluatex switch (HO)
Package ifluatex Info: LuaTeX not detected.
)
Package etexcmds Info: Could not find \expanded.
(etexcmds)             That can mean that you are not using pdfTeX 1.50 or
(etexcmds)             that some package has redefined \expanded.
(etexcmds)             In the latter case, load this package earlier.
))) (/usr/local/texlive/2016/texmf-dist/tex/latex/fancyvrb/fancyvrb.sty
Package: fancyvrb 2008/02/07
 Style option: `fancyvrb' v2.7a, with DG/SPQR fixes, and firstline=lastline fix <2008/02/07> (tvz)
\FV@CodeLineNo=\count129
\FV@InFile=\read1
\FV@TabBox=\box57
\c@FancyVerbLine=\count130
\FV@StepNumber=\count131
\FV@OutFile=\write3
) (/usr/local/texlive/2016/texmf-dist/tex/latex/float/float.sty
Package: float 2001/11/08 v1.3d Float enhancements (AL)
\c@float@type=\count132
\float@exts=\toks27
\float@box=\box58
\@float@everytoks=\toks28
\@floatcapt=\box59
) (/usr/local/texlive/2016/texmf-dist/tex/latex/base/ifthen.sty
Package: ifthen 2014/09/29 v1.1c Standard LaTeX ifthen package (DPC)
) (/usr/local/texlive/2016/texmf-dist/tex/latex/tools/calc.sty
Package: calc 2014/10/28 v4.3 Infix arithmetic (KKT,FJ)
\calc@Acount=\count133
\calc@Bcount=\count134
\calc@Adimen=\dimen138
\calc@Bdimen=\dimen139
\calc@Askip=\skip48
\calc@Bskip=\skip49
LaTeX Info: Redefining \setlength on input line 80.
LaTeX Info: Redefining \addtolength on input line 81.
\calc@Ccount=\count135
\calc@Cskip=\skip50
) (/usr/local/texlive/2016/texmf-dist/tex/latex/ifplatform/ifplatform.sty
Package: ifplatform 2010/10/22 v0.4 Testing for the operating system
 (/usr/local/texlive/2016/texmf-dist/tex/generic/oberdiek/pdftexcmds.sty
Package: pdftexcmds 2016/05/10 v0.21 Utility functions of pdfTeX for LuaTeX (HO)
 (/usr/local/texlive/2016/texmf-dist/tex/generic/oberdiek/ifpdf.sty
Package: ifpdf 2016/05/14 v3.1 Provides the ifpdf switch
)
Package pdftexcmds Info: LuaTeX not detected.
Package pdftexcmds Info: \pdf@primitive is available.
Package pdftexcmds Info: \pdf@ifprimitive is available.
Package pdftexcmds Info: \pdfdraftmode found.
) (/usr/local/texlive/2016/texmf-dist/tex/generic/oberdiek/catchfile.sty
Package: catchfile 2016/05/16 v1.7 Catch the contents of a file (HO)
)
runsystem(uname -s > "hopl-paper.w18")...executed.

 (./hopl-paper.w18)
runsystem(rm -- "hopl-paper.w18")...executed.

) (/usr/local/texlive/2016/texmf-dist/tex/latex/etoolbox/etoolbox.sty
Package: etoolbox 2015/08/02 v2.2a e-TeX tools for LaTeX (JAW)
\etb@tempcnta=\count136
) (/usr/local/texlive/2016/texmf-dist/tex/generic/xstring/xstring.sty (/usr/local/texlive/2016/texmf-dist/tex/generic/xstring/xstring.tex
\@xs@message=\write4
\integerpart=\count137
\decimalpart=\count138
)
Package: xstring 2013/10/13  v1.7c  String manipulations (C Tellechea)
) (/usr/local/texlive/2016/texmf-dist/tex/latex/lineno/lineno.sty
Package: lineno 2005/11/02 line numbers on paragraphs v4.41
\linenopenalty=\count139
\output=\toks29
\linenoprevgraf=\count140
\linenumbersep=\dimen140
\linenumberwidth=\dimen141
\c@linenumber=\count141
\c@pagewiselinenumber=\count142
\c@LN@truepage=\count143
\c@internallinenumber=\count144
\c@internallinenumbers=\count145
\quotelinenumbersep=\dimen142
\bframerule=\dimen143
\bframesep=\dimen144
\bframebox=\box60
LaTeX Info: Redefining \\ on input line 3056.
)
\minted@appexistsfile=\read2
\FV@BreakIndent=\dimen145
\FV@BreakSymbolSepLeft=\dimen146
\FV@BreakSymbolSepRight=\dimen147
\FV@BreakSymbolIndentLeft=\dimen148
\FV@BreakSymbolIndentRight=\dimen149
\c@FancyVerbLineBreakLast=\count146
\FV@LineBox=\box61
\FV@LineIndentBox=\box62
\minted@bgbox=\box63
\minted@code=\write5
\c@minted@FancyVerbLineTemp=\count147
\@float@every@listing=\toks30
\c@listing=\count148
)
runsystem(pygmentize -S default -f latex -P commandprefix=PYGdefault > ".texpadtmp/hopl-paper.out.pyg")...executed.


(./.texpadtmp/hopl-paper.out.pyg)
runsystem(which "pygmentize" && touch "hopl-paper.aex")...executed.

runsystem(rm "hopl-paper.aex")...executed.

 (/Users/lennardwolf/GitHub/hopl-paper/.texpadtmp/hopl-paper.aux)
\openout1 = `hopl-paper.aux'.

LaTeX Font Info:    Checking defaults for OML/cmm/m/it on input line 22.
LaTeX Font Info:    ... okay on input line 22.
LaTeX Font Info:    Checking defaults for T1/cmr/m/n on input line 22.
LaTeX Font Info:    ... okay on input line 22.
LaTeX Font Info:    Checking defaults for OT1/cmr/m/n on input line 22.
LaTeX Font Info:    ... okay on input line 22.
LaTeX Font Info:    Checking defaults for OMS/cmsy/m/n on input line 22.
LaTeX Font Info:    ... okay on input line 22.
LaTeX Font Info:    Checking defaults for OMX/cmex/m/n on input line 22.
LaTeX Font Info:    ... okay on input line 22.
LaTeX Font Info:    Checking defaults for U/cmr/m/n on input line 22.
LaTeX Font Info:    ... okay on input line 22.
 (/usr/local/texlive/2016/texmf-dist/tex/context/base/mkii/supp-pdf.mkii
[Loading MPS to PDF converter (version 2006.09.02).]
\scratchcounter=\count149
\scratchdimen=\dimen150
\scratchbox=\box64
\nofMPsegments=\count150
\nofMParguments=\count151
\everyMPshowfont=\toks31
\MPscratchCnt=\count152
\MPscratchDim=\dimen151
\MPnumerator=\count153
\makeMPintoPDFobject=\count154
\everyMPtoPDFconversion=\toks32
) (/usr/local/texlive/2016/texmf-dist/tex/latex/oberdiek/epstopdf-base.sty
Package: epstopdf-base 2016/05/15 v2.6 Base part for package epstopdf
 (/usr/local/texlive/2016/texmf-dist/tex/latex/oberdiek/grfext.sty
Package: grfext 2016/05/16 v1.2 Manage graphics extensions (HO)
 (/usr/local/texlive/2016/texmf-dist/tex/generic/oberdiek/kvdefinekeys.sty
Package: kvdefinekeys 2016/05/16 v1.4 Define keys (HO)
))
Package grfext Info: Graphics extension search list:
(grfext)             [.png,.pdf,.jpg,.mps,.jpeg,.jbig2,.jb2,.PNG,.PDF,.JPG,.JPEG,.JBIG2,.JB2,.eps]
(grfext)             \AppendGraphicsExtensions on input line 456.
 (/usr/local/texlive/2016/texmf-dist/tex/latex/latexconfig/epstopdf-sys.cfg
File: epstopdf-sys.cfg 2010/07/13 v1.3 Configuration of (r)epstopdf for TeX Live
)) (/usr/local/texlive/2016/texmf-dist/tex/latex/xcolor/xcolor.sty
Package: xcolor 2016/05/11 v2.12 LaTeX color extensions (UK)
 (/usr/local/texlive/2016/texmf-dist/tex/latex/graphics-cfg/color.cfg
File: color.cfg 2016/01/02 v1.6 sample color configuration
)
Package xcolor Info: Driver file: pdftex.def on input line 225.
Package xcolor Info: Model `cmy' substituted by `cmy0' on input line 1348.
Package xcolor Info: Model `hsb' substituted by `rgb' on input line 1352.
Package xcolor Info: Model `RGB' extended on input line 1364.
Package xcolor Info: Model `HTML' substituted by `rgb' on input line 1366.
Package xcolor Info: Model `Hsb' substituted by `hsb' on input line 1367.
Package xcolor Info: Model `tHsb' substituted by `hsb' on input line 1368.
Package xcolor Info: Model `HSB' substituted by `hsb' on input line 1369.
Package xcolor Info: Model `Gray' substituted by `gray' on input line 1370.
Package xcolor Info: Model `wave' substituted by `hsb' on input line 1371.
)
runsystem(pygmentize -S default -f latex -P commandprefix=PYG > ".texpadtmp/hopl-paper.out.pyg")...executed.

 (./.texpadtmp/hopl-paper.out.pyg)
LaTeX Font Info:    Try loading font information for U+msa on input line 30.
 (/usr/local/texlive/2016/texmf-dist/tex/latex/amsfonts/umsa.fd
File: umsa.fd 2013/01/14 v3.01 AMS symbols A
)
LaTeX Font Info:    Try loading font information for U+msb on input line 30.
 (/usr/local/texlive/2016/texmf-dist/tex/latex/amsfonts/umsb.fd
File: umsb.fd 2013/01/14 v3.01 AMS symbols B
)
Underfull \hbox (badness 10000) in paragraph at lines 41--43

 []

[1

{/usr/local/texlive/2016/texmf-var/fonts/map/pdftex/updmap/pdftex.map}] [2]
\openout5 = `hopl-paper.pyg'.

runsystem(pygmentize -l lisp -f latex -P commandprefix=PYG -F tokenmerge -o ".texpadtmp/hopl-paper.out.pyg" ".texpadtmp/hopl-paper.pyg" )...executed.

 (./.texpadtmp/hopl-paper.out.pyg)
\openout5 = `hopl-paper.pyg'.

runsystem(pygmentize -l lisp -f latex -P commandprefix=PYG -F tokenmerge -o ".texpadtmp/hopl-paper.out.pyg" ".texpadtmp/hopl-paper.pyg" )...executed.

 (./.texpadtmp/hopl-paper.out.pyg)
\openout5 = `hopl-paper.pyg'.

runsystem(pygmentize -l lisp -f latex -P commandprefix=PYG -F tokenmerge -o ".texpadtmp/hopl-paper.out.pyg" ".texpadtmp/hopl-paper.pyg" )...executed.

 (./.texpadtmp/hopl-paper.out.pyg)
\openout5 = `hopl-paper.pyg'.

runsystem(pygmentize -l lisp -f latex -P commandprefix=PYG -F tokenmerge -o ".texpadtmp/hopl-paper.out.pyg" ".texpadtmp/hopl-paper.pyg" )...executed.

 (./.texpadtmp/hopl-paper.out.pyg)
\openout5 = `hopl-paper.pyg'.

runsystem(pygmentize -l lisp -f latex -P commandprefix=PYG -F tokenmerge -o ".texpadtmp/hopl-paper.out.pyg" ".texpadtmp/hopl-paper.pyg" )...executed.

 (./.texpadtmp/hopl-paper.out.pyg)
\openout5 = `hopl-paper.pyg'.

runsystem(pygmentize -l lisp -f latex -P commandprefix=PYG -F tokenmerge -o ".texpadtmp/hopl-paper.out.pyg" ".texpadtmp/hopl-paper.pyg" )...executed.

 (./.texpadtmp/hopl-paper.out.pyg)
\openout5 = `hopl-paper.pyg'.

runsystem(pygmentize -l lisp -f latex -P commandprefix=PYG -F tokenmerge -o ".texpadtmp/hopl-paper.out.pyg" ".texpadtmp/hopl-paper.pyg" )...executed.

 (./.texpadtmp/hopl-paper.out.pyg)
\openout5 = `hopl-paper.pyg'.

runsystem(pygmentize -l lisp -f latex -P commandprefix=PYG -F tokenmerge -o ".texpadtmp/hopl-paper.out.pyg" ".texpadtmp/hopl-paper.pyg" )...executed.

 (./.texpadtmp/hopl-paper.out.pyg)
\openout5 = `hopl-paper.pyg'.

runsystem(pygmentize -l lisp -f latex -P commandprefix=PYG -F tokenmerge -o ".texpadtmp/hopl-paper.out.pyg" ".texpadtmp/hopl-paper.pyg" )...executed.

 (./.texpadtmp/hopl-paper.out.pyg)
Overfull \hbox (7.12566pt too wide) in paragraph at lines 75--76
\OT1/cmr/m/n/10 strated by a triv-ial ex-am-ple. By defin-ing a macro [],
 []


Underfull \hbox (badness 10000) in paragraph at lines 81--81
 [][]$\OT1/cmtt/m/n/9 https : / / www . gnu . org / software / mit-[]scheme / documentation / mit-[]scheme-[]sos/$\OT1/cmr/m/n/9 ,
 []

[3]

LaTeX Warning: No positions in optional float specifier.
               Default added (so using `h') on input line 92.

\openout3 = `hopl-paper.pyg'.

runsystem(pygmentize -l lisp -f latex -P commandprefix=PYG -F tokenmerge -o ".texpadtmp/hopl-paper.out.pyg" ".texpadtmp/hopl-paper.pyg" )...executed.

(./.texpadtmp/hopl-paper.out.pyg)
\openout5 = `hopl-paper.pyg'.

runsystem(pygmentize -l lisp -f latex -P commandprefix=PYG -F tokenmerge -o ".texpadtmp/hopl-paper.out.pyg" ".texpadtmp/hopl-paper.pyg" )...executed.

 (./.texpadtmp/hopl-paper.out.pyg)

LaTeX Warning: No positions in optional float specifier.
               Default added (so using `htbp') on input line 110.

<images/multipleinheritance2.png, id=23, 1153.30875pt x 691.58376pt>
File: images/multipleinheritance2.png Graphic file (type png)
 <use images/multipleinheritance2.png>
Package pdftex.def Info: images/multipleinheritance2.png used on input line 112.
(pdftex.def)             Requested size: 121.49535pt x 72.8453pt.
\openout5 = `hopl-paper.pyg'.

runsystem(pygmentize -l lisp -f latex -P commandprefix=PYG -F tokenmerge -o ".texpadtmp/hopl-paper.out.pyg" ".texpadtmp/hopl-paper.pyg" )...executed.

 (./.texpadtmp/hopl-paper.out.pyg)
\openout5 = `hopl-paper.pyg'.

runsystem(pygmentize -l lisp -f latex -P commandprefix=PYG -F tokenmerge -o ".texpadtmp/hopl-paper.out.pyg" ".texpadtmp/hopl-paper.pyg" )...executed.

 (./.texpadtmp/hopl-paper.out.pyg)
\openout5 = `hopl-paper.pyg'.

runsystem(pygmentize -l lisp -f latex -P commandprefix=PYG -F tokenmerge -o ".texpadtmp/hopl-paper.out.pyg" ".texpadtmp/hopl-paper.pyg" )...executed.

 (./.texpadtmp/hopl-paper.out.pyg)
\openout5 = `hopl-paper.pyg'.

runsystem(pygmentize -l lisp -f latex -P commandprefix=PYG -F tokenmerge -o ".texpadtmp/hopl-paper.out.pyg" ".texpadtmp/hopl-paper.pyg" )...executed.

 (./.texpadtmp/hopl-paper.out.pyg
LaTeX Font Info:    Font shape `OT1/cmtt/bx/n' in size <10> not available
(Font)              Font shape `OT1/cmtt/m/n' tried instead on input line 2.
)
\openout5 = `hopl-paper.pyg'.

runsystem(pygmentize -l lisp -f latex -P commandprefix=PYG -F tokenmerge -o ".texpadtmp/hopl-paper.out.pyg" ".texpadtmp/hopl-paper.pyg" )...executed.

 (./.texpadtmp/hopl-paper.out.pyg)
\openout5 = `hopl-paper.pyg'.

runsystem(pygmentize -l lisp -f latex -P commandprefix=PYG -F tokenmerge -o ".texpadtmp/hopl-paper.out.pyg" ".texpadtmp/hopl-paper.pyg" )...executed.

 (./.texpadtmp/hopl-paper.out.pyg)
\openout5 = `hopl-paper.pyg'.

runsystem(pygmentize -l lisp -f latex -P commandprefix=PYG -F tokenmerge -o ".texpadtmp/hopl-paper.out.pyg" ".texpadtmp/hopl-paper.pyg" )...executed.

 (./.texpadtmp/hopl-paper.out.pyg) [4]
\openout5 = `hopl-paper.pyg'.

runsystem(pygmentize -l lisp -f latex -P commandprefix=PYG -F tokenmerge -o ".texpadtmp/hopl-paper.out.pyg" ".texpadtmp/hopl-paper.pyg" )...executed.

 (./.texpadtmp/hopl-paper.out.pyg)
\openout5 = `hopl-paper.pyg'.

runsystem(pygmentize -l lisp -f latex -P commandprefix=PYG -F tokenmerge -o ".texpadtmp/hopl-paper.out.pyg" ".texpadtmp/hopl-paper.pyg" )...executed.

 (./.texpadtmp/hopl-paper.out.pyg)
\openout5 = `hopl-paper.pyg'.

runsystem(pygmentize -l lisp -f latex -P commandprefix=PYG -F tokenmerge -o ".texpadtmp/hopl-paper.out.pyg" ".texpadtmp/hopl-paper.pyg" )...executed.

 (./.texpadtmp/hopl-paper.out.pyg)
\openout5 = `hopl-paper.pyg'.

runsystem(pygmentize -l lisp -f latex -P commandprefix=PYG -F tokenmerge -o ".texpadtmp/hopl-paper.out.pyg" ".texpadtmp/hopl-paper.pyg" )...executed.

 (./.texpadtmp/hopl-paper.out.pyg)

LaTeX Warning: No positions in optional float specifier.
               Default added (so using `htbp') on input line 128.

<images/genericfunction.png, id=29, 1558.82375pt x 566.115pt>
File: images/genericfunction.png Graphic file (type png)
 <use images/genericfunction.png>
Package pdftex.def Info: images/genericfunction.png used on input line 130.
(pdftex.def)             Requested size: 183.97504pt x 66.80789pt.

Underfull \hbox (badness 10000) in paragraph at lines 140--142

 []

[5 <./images/multipleinheritance2.png> <./images/genericfunction.png>]

LaTeX Warning: No positions in optional float specifier.
               Default added (so using `htbp') on input line 143.

<images/class-diagram.png, id=35, 1113.15875pt x 899.36pt>
File: images/class-diagram.png Graphic file (type png)
 <use images/class-diagram.png>
Package pdftex.def Info: images/class-diagram.png used on input line 145.
(pdftex.def)             Requested size: 288.11316pt x 232.77141pt.
\openout5 = `hopl-paper.pyg'.

runsystem(pygmentize -l lisp -f latex -P commandprefix=PYG -F tokenmerge -o ".texpadtmp/hopl-paper.out.pyg" ".texpadtmp/hopl-paper.pyg" )...executed.

 (./.texpadtmp/hopl-paper.out.pyg)
\openout5 = `hopl-paper.pyg'.

runsystem(pygmentize -l lisp -f latex -P commandprefix=PYG -F tokenmerge -o ".texpadtmp/hopl-paper.out.pyg" ".texpadtmp/hopl-paper.pyg" )...executed.

 (./.texpadtmp/hopl-paper.out.pyg)
\openout5 = `hopl-paper.pyg'.

runsystem(pygmentize -l lisp -f latex -P commandprefix=PYG -F tokenmerge -o ".texpadtmp/hopl-paper.out.pyg" ".texpadtmp/hopl-paper.pyg" )...executed.

 (./.texpadtmp/hopl-paper.out.pyg)
\openout5 = `hopl-paper.pyg'.

runsystem(pygmentize -l lisp -f latex -P commandprefix=PYG -F tokenmerge -o ".texpadtmp/hopl-paper.out.pyg" ".texpadtmp/hopl-paper.pyg" )...executed.

 (./.texpadtmp/hopl-paper.out.pyg)

LaTeX Warning: No positions in optional float specifier.
               Default added (so using `h') on input line 154.

\openout3 = `hopl-paper.pyg'.

runsystem(pygmentize -l lisp -f latex -P commandprefix=PYG -F tokenmerge -o ".texpadtmp/hopl-paper.out.pyg" ".texpadtmp/hopl-paper.pyg" )...executed.

(./.texpadtmp/hopl-paper.out.pyg)
\openout5 = `hopl-paper.pyg'.

runsystem(pygmentize -l lisp -f latex -P commandprefix=PYG -F tokenmerge -o ".texpadtmp/hopl-paper.out.pyg" ".texpadtmp/hopl-paper.pyg" )...executed.

 (./.texpadtmp/hopl-paper.out.pyg) [6 <./images/class-diagram.png>]
\openout5 = `hopl-paper.pyg'.

runsystem(pygmentize -l lisp -f latex -P commandprefix=PYG -F tokenmerge -o ".texpadtmp/hopl-paper.out.pyg" ".texpadtmp/hopl-paper.pyg" )...executed.

 (./.texpadtmp/hopl-paper.out.pyg)
\openout5 = `hopl-paper.pyg'.

runsystem(pygmentize -l lisp -f latex -P commandprefix=PYG -F tokenmerge -o ".texpadtmp/hopl-paper.out.pyg" ".texpadtmp/hopl-paper.pyg" )...executed.

 (./.texpadtmp/hopl-paper.out.pyg)
\openout5 = `hopl-paper.pyg'.

runsystem(pygmentize -l lisp -f latex -P commandprefix=PYG -F tokenmerge -o ".texpadtmp/hopl-paper.out.pyg" ".texpadtmp/hopl-paper.pyg" )...executed.

 (./.texpadtmp/hopl-paper.out.pyg)
\openout5 = `hopl-paper.pyg'.

runsystem(pygmentize -l lisp -f latex -P commandprefix=PYG -F tokenmerge -o ".texpadtmp/hopl-paper.out.pyg" ".texpadtmp/hopl-paper.pyg" )...executed.

 (./.texpadtmp/hopl-paper.out.pyg)
\openout5 = `hopl-paper.pyg'.

runsystem(pygmentize -l lisp -f latex -P commandprefix=PYG -F tokenmerge -o ".texpadtmp/hopl-paper.out.pyg" ".texpadtmp/hopl-paper.pyg" )...executed.

 (./.texpadtmp/hopl-paper.out.pyg)
\openout5 = `hopl-paper.pyg'.

runsystem(pygmentize -l lisp -f latex -P commandprefix=PYG -F tokenmerge -o ".texpadtmp/hopl-paper.out.pyg" ".texpadtmp/hopl-paper.pyg" )...executed.

 (./.texpadtmp/hopl-paper.out.pyg)
\openout5 = `hopl-paper.pyg'.

runsystem(pygmentize -l lisp -f latex -P commandprefix=PYG -F tokenmerge -o ".texpadtmp/hopl-paper.out.pyg" ".texpadtmp/hopl-paper.pyg" )...executed.

 (./.texpadtmp/hopl-paper.out.pyg)

LaTeX Warning: No positions in optional float specifier.
               Default added (so using `h') on input line 174.

\openout3 = `hopl-paper.pyg'.

runsystem(pygmentize -l lisp -f latex -P commandprefix=PYG -F tokenmerge -o ".texpadtmp/hopl-paper.out.pyg" ".texpadtmp/hopl-paper.pyg" )...executed.

(./.texpadtmp/hopl-paper.out.pyg)
\openout5 = `hopl-paper.pyg'.

runsystem(pygmentize -l lisp -f latex -P commandprefix=PYG -F tokenmerge -o ".texpadtmp/hopl-paper.out.pyg" ".texpadtmp/hopl-paper.pyg" )...executed.

 (./.texpadtmp/hopl-paper.out.pyg)
\openout5 = `hopl-paper.pyg'.

runsystem(pygmentize -l lisp -f latex -P commandprefix=PYG -F tokenmerge -o ".texpadtmp/hopl-paper.out.pyg" ".texpadtmp/hopl-paper.pyg" )...executed.

 (./.texpadtmp/hopl-paper.out.pyg)
\openout5 = `hopl-paper.pyg'.

runsystem(pygmentize -l lisp -f latex -P commandprefix=PYG -F tokenmerge -o ".texpadtmp/hopl-paper.out.pyg" ".texpadtmp/hopl-paper.pyg" )...executed.

 (./.texpadtmp/hopl-paper.out.pyg)
\openout5 = `hopl-paper.pyg'.

runsystem(pygmentize -l lisp -f latex -P commandprefix=PYG -F tokenmerge -o ".texpadtmp/hopl-paper.out.pyg" ".texpadtmp/hopl-paper.pyg" )...executed.

 (./.texpadtmp/hopl-paper.out.pyg)
\openout5 = `hopl-paper.pyg'.

runsystem(pygmentize -l lisp -f latex -P commandprefix=PYG -F tokenmerge -o ".texpadtmp/hopl-paper.out.pyg" ".texpadtmp/hopl-paper.pyg" )...executed.

 (./.texpadtmp/hopl-paper.out.pyg)
\openout5 = `hopl-paper.pyg'.

runsystem(pygmentize -l lisp -f latex -P commandprefix=PYG -F tokenmerge -o ".texpadtmp/hopl-paper.out.pyg" ".texpadtmp/hopl-paper.pyg" )...executed.

 (./.texpadtmp/hopl-paper.out.pyg) [7]

LaTeX Warning: No positions in optional float specifier.
               Default added (so using `h') on input line 199.

\openout3 = `hopl-paper.pyg'.

runsystem(pygmentize -l lisp -f latex -P commandprefix=PYG -F tokenmerge -o ".texpadtmp/hopl-paper.out.pyg" ".texpadtmp/hopl-paper.pyg" )...executed.

(./.texpadtmp/hopl-paper.out.pyg)
\openout5 = `hopl-paper.pyg'.

runsystem(pygmentize -l lisp -f latex -P commandprefix=PYG -F tokenmerge -o ".texpadtmp/hopl-paper.out.pyg" ".texpadtmp/hopl-paper.pyg" )...executed.

 (./.texpadtmp/hopl-paper.out.pyg)
\openout5 = `hopl-paper.pyg'.

runsystem(pygmentize -l lisp -f latex -P commandprefix=PYG -F tokenmerge -o ".texpadtmp/hopl-paper.out.pyg" ".texpadtmp/hopl-paper.pyg" )...executed.

 (./.texpadtmp/hopl-paper.out.pyg)
\openout5 = `hopl-paper.pyg'.

runsystem(pygmentize -l lisp -f latex -P commandprefix=PYG -F tokenmerge -o ".texpadtmp/hopl-paper.out.pyg" ".texpadtmp/hopl-paper.pyg" )...executed.

 (./.texpadtmp/hopl-paper.out.pyg)
\openout5 = `hopl-paper.pyg'.

runsystem(pygmentize -l lisp -f latex -P commandprefix=PYG -F tokenmerge -o ".texpadtmp/hopl-paper.out.pyg" ".texpadtmp/hopl-paper.pyg" )...executed.

 (./.texpadtmp/hopl-paper.out.pyg)
\openout5 = `hopl-paper.pyg'.

runsystem(pygmentize -l lisp -f latex -P commandprefix=PYG -F tokenmerge -o ".texpadtmp/hopl-paper.out.pyg" ".texpadtmp/hopl-paper.pyg" )...executed.

 (./.texpadtmp/hopl-paper.out.pyg)
\openout5 = `hopl-paper.pyg'.

runsystem(pygmentize -l lisp -f latex -P commandprefix=PYG -F tokenmerge -o ".texpadtmp/hopl-paper.out.pyg" ".texpadtmp/hopl-paper.pyg" )...executed.

 (./.texpadtmp/hopl-paper.out.pyg)
\openout5 = `hopl-paper.pyg'.

runsystem(pygmentize -l lisp -f latex -P commandprefix=PYG -F tokenmerge -o ".texpadtmp/hopl-paper.out.pyg" ".texpadtmp/hopl-paper.pyg" )...executed.

 (./.texpadtmp/hopl-paper.out.pyg)
\openout5 = `hopl-paper.pyg'.

runsystem(pygmentize -l lisp -f latex -P commandprefix=PYG -F tokenmerge -o ".texpadtmp/hopl-paper.out.pyg" ".texpadtmp/hopl-paper.pyg" )...executed.

 (./.texpadtmp/hopl-paper.out.pyg)

LaTeX Warning: No positions in optional float specifier.
               Default added (so using `h') on input line 219.

\openout3 = `hopl-paper.pyg'.

runsystem(pygmentize -l lisp -f latex -P commandprefix=PYG -F tokenmerge -o ".texpadtmp/hopl-paper.out.pyg" ".texpadtmp/hopl-paper.pyg" )...executed.

(./.texpadtmp/hopl-paper.out.pyg)

LaTeX Warning: `h' float specifier changed to `ht'.


LaTeX Warning: No positions in optional float specifier.
               Default added (so using `htbp') on input line 249.

<images/repl.png, id=44, 1448.41125pt x 579.16376pt>
File: images/repl.png Graphic file (type png)
 <use images/repl.png>
Package pdftex.def Info: images/repl.png used on input line 251.
(pdftex.def)             Requested size: 347.12354pt x 138.79887pt.
\openout5 = `hopl-paper.pyg'.

runsystem(pygmentize -l lisp -f latex -P commandprefix=PYG -F tokenmerge -o ".texpadtmp/hopl-paper.out.pyg" ".texpadtmp/hopl-paper.pyg" )...executed.

 (./.texpadtmp/hopl-paper.out.pyg)
\openout5 = `hopl-paper.pyg'.

runsystem(pygmentize -l lisp -f latex -P commandprefix=PYG -F tokenmerge -o ".texpadtmp/hopl-paper.out.pyg" ".texpadtmp/hopl-paper.pyg" )...executed.

 (./.texpadtmp/hopl-paper.out.pyg)
\openout5 = `hopl-paper.pyg'.

runsystem(pygmentize -l lisp -f latex -P commandprefix=PYG -F tokenmerge -o ".texpadtmp/hopl-paper.out.pyg" ".texpadtmp/hopl-paper.pyg" )...executed.

 (./.texpadtmp/hopl-paper.out.pyg) [8]
Underfull \hbox (badness 10000) in paragraph at lines 269--271

 []

[9]

LaTeX Warning: No positions in optional float specifier.
               Default added (so using `h') on input line 279.

\openout3 = `hopl-paper.pyg'.

runsystem(pygmentize -l java -f latex -P commandprefix=PYG -F tokenmerge -o ".texpadtmp/hopl-paper.out.pyg" ".texpadtmp/hopl-paper.pyg" )...executed.

(./.texpadtmp/hopl-paper.out.pyg
LaTeX Font Info:    Font shape `OT1/cmtt/bx/n' in size <9> not available
(Font)              Font shape `OT1/cmtt/m/n' tried instead on input line 2.
)
Underfull \hbox (badness 10000) in paragraph at lines 299--299
 [][]$\OT1/cmtt/m/n/9 https : / / docs . oracle . com / javase / tutorial / java / IandI / multipleinheritance .
 []

[10 <./images/repl.png>] [11] (/Users/lennardwolf/GitHub/hopl-paper/.texpadtmp/hopl-paper.bbl) [12]

LaTeX Warning: No positions in optional float specifier.
               Default added (so using `h') on input line 322.

\openout3 = `hopl-paper.pyg'.

runsystem(pygmentize -l lisp -f latex -P commandprefix=PYG -F tokenmerge -o ".texpadtmp/hopl-paper.out.pyg" ".texpadtmp/hopl-paper.pyg" )...executed.

(./.texpadtmp/hopl-paper.out.pyg)

LaTeX Warning: No positions in optional float specifier.
               Default added (so using `h') on input line 356.

\openout3 = `hopl-paper.pyg'.

runsystem(pygmentize -l lisp -f latex -P commandprefix=PYG -F tokenmerge -o ".texpadtmp/hopl-paper.out.pyg" ".texpadtmp/hopl-paper.pyg" )...executed.

(./.texpadtmp/hopl-paper.out.pyg)

LaTeX Warning: `h' float specifier changed to `ht'.


LaTeX Warning: No positions in optional float specifier.
               Default added (so using `h') on input line 381.

\openout3 = `hopl-paper.pyg'.

runsystem(pygmentize -l lisp -f latex -P commandprefix=PYG -F tokenmerge -o ".texpadtmp/hopl-paper.out.pyg" ".texpadtmp/hopl-paper.pyg" )...executed.

(./.texpadtmp/hopl-paper.out.pyg)

LaTeX Warning: `h' float specifier changed to `ht'.


LaTeX Warning: No positions in optional float specifier.
               Default added (so using `h') on input line 410.

\openout3 = `hopl-paper.pyg'.

runsystem(pygmentize -l lisp -f latex -P commandprefix=PYG -F tokenmerge -o ".texpadtmp/hopl-paper.out.pyg" ".texpadtmp/hopl-paper.pyg" )...executed.

(./.texpadtmp/hopl-paper.out.pyg)

LaTeX Warning: `h' float specifier changed to `ht'.

runsystem(rm ".texpadtmp//hopl-paper.pyg")...executed.

runsystem(rm ".texpadtmp//hopl-paper.out.pyg")...executed.

[13] [14] [15] (/Users/lennardwolf/GitHub/hopl-paper/.texpadtmp/hopl-paper.aux) ) 
Here is how much of TeX's memory you used:
 6353 strings out of 493014
 97570 string characters out of 6133351
 207580 words of memory out of 5000000
 9638 multiletter control sequences out of 15000+600000
 11461 words of font info for 45 fonts, out of 8000000 for 9000
 1141 hyphenation exceptions out of 8191
 37i,9n,35p,1600b,442s stack positions out of 5000i,500n,10000p,200000b,80000s
</usr/local/texlive/2016/texmf-dist/fonts/type1/public/amsfonts/cm/cmbx10.pfb></usr/local/texlive/2016/texmf-dist/fonts/type1/public/amsfonts/cm/cmbx12.pfb></usr/local/texlive/2016/texmf-dist/fonts/type1/public/amsfonts/cm/cmbx9.pfb></usr/local/texlive/2016/texmf-dist/fonts/type1/public/amsfonts/cm/cmitt10.pfb></usr/local/texlive/2016/texmf-dist/fonts/type1/public/amsfonts/cm/cmr10.pfb></usr/local/texlive/2016/texmf-dist/fonts/type1/public/amsfonts/cm/cmr6.pfb></usr/local/texlive/2016/texmf-dist/fonts/type1/public/amsfonts/cm/cmr7.pfb></usr/local/texlive/2016/texmf-dist/fonts/type1/public/amsfonts/cm/cmr9.pfb></usr/local/texlive/2016/texmf-dist/fonts/type1/public/amsfonts/cm/cmti10.pfb></usr/local/texlive/2016/texmf-dist/fonts/type1/public/amsfonts/cm/cmti9.pfb></usr/local/texlive/2016/texmf-dist/fonts/type1/public/amsfonts/cm/cmtt10.pfb></usr/local/texlive/2016/texmf-dist/fonts/type1/public/amsfonts/cm/cmtt9.pfb>
Output written on /Users/lennardwolf/GitHub/hopl-paper/.texpadtmp/hopl-paper.pdf (15 pages, 621913 bytes).
PDF statistics:
 110 PDF objects out of 1000 (max. 8388607)
 72 compressed objects within 1 object stream
 0 named destinations out of 1000 (max. 500000)
 21 words of extra memory for PDF output out of 10000 (max. 10000000)

